<?xml version="1.0" encoding="UTF-8"?>
<!-- Generated by org.testng.reporters.JUnitXMLReporter -->
<testsuite ignored="0" hostname="MOHINI" failures="1" tests="2" name="Test1" time="20.561" errors="0" timestamp="2023-12-11T17:07:01 IST">
  <testcase classname="test_classes.login_test_class" name="varify_email_pass" time="0.122"/>
  <testcase classname="test_classes.login_test_class" name="varify_title" time="0.01">
    <failure type="java.lang.AssertionError" message="null">
      <![CDATA[java.lang.AssertionError: null
at test_classes.login_test_class.varify_title(login_test_class.java:36)
at java.base/java.util.ArrayList.forEach(ArrayList.java:1511)
... Removed 29 stack frames]]>
    </failure>
  </testcase> <!-- varify_title -->
</testsuite> <!-- Test1 -->
